2024-05-19 21:15:02,253 - utils - INFO - Splitting dataset into 5 batches and saving to data\batches
2024-05-19 21:18:49,862 - utils - INFO - Epoch 1/10:
2024-05-19 21:30:45,193 - utils - INFO - Skipped 0 batches during training
2024-05-19 21:38:12,688 - utils - INFO - Skipped 0 batches during validation
2024-05-19 21:38:12,690 - utils - INFO - Train Loss: 1.1482, Val Loss: 0.7602, Val Acc: 0.7380
2024-05-19 21:38:12,690 - utils - INFO - Epoch 2/10:
2024-05-19 21:38:45,933 - utils - INFO - Skipped 0 batches during training
2024-05-19 21:39:00,899 - utils - INFO - Skipped 0 batches during validation
2024-05-19 21:39:00,900 - utils - INFO - Train Loss: 0.8208, Val Loss: 0.5879, Val Acc: 0.7942
2024-05-19 21:39:00,900 - utils - INFO - Epoch 3/10:
2024-05-19 21:39:25,808 - utils - INFO - Skipped 0 batches during training
2024-05-19 21:39:40,667 - utils - INFO - Skipped 0 batches during validation
2024-05-19 21:39:40,667 - utils - INFO - Train Loss: 0.6652, Val Loss: 0.8670, Val Acc: 0.6960
2024-05-19 21:39:40,667 - utils - INFO - Epoch 4/10:
2024-05-19 21:40:05,824 - utils - INFO - Skipped 0 batches during training
2024-05-19 21:40:21,179 - utils - INFO - Skipped 0 batches during validation
2024-05-19 21:40:21,179 - utils - INFO - Train Loss: 0.5702, Val Loss: 0.5090, Val Acc: 0.8264
2024-05-19 21:40:21,179 - utils - INFO - Epoch 5/10:
2024-05-19 21:40:45,126 - utils - INFO - Skipped 0 batches during training
2024-05-19 21:40:59,653 - utils - INFO - Skipped 0 batches during validation
2024-05-19 21:40:59,653 - utils - INFO - Train Loss: 0.4923, Val Loss: 1.1274, Val Acc: 0.6715
2024-05-19 21:40:59,653 - utils - INFO - Epoch 6/10:
2024-05-19 21:41:23,035 - utils - INFO - Skipped 0 batches during training
2024-05-19 21:41:37,118 - utils - INFO - Skipped 0 batches during validation
2024-05-19 21:41:37,118 - utils - INFO - Train Loss: 0.4456, Val Loss: 0.2764, Val Acc: 0.9039
2024-05-19 21:41:37,118 - utils - INFO - Epoch 7/10:
2024-05-19 21:42:02,932 - utils - INFO - Skipped 0 batches during training
2024-05-19 21:42:18,234 - utils - INFO - Skipped 0 batches during validation
2024-05-19 21:42:18,234 - utils - INFO - Train Loss: 0.3414, Val Loss: 0.4121, Val Acc: 0.8599
2024-05-19 21:42:18,236 - utils - INFO - Epoch 8/10:
2024-05-19 21:42:43,180 - utils - INFO - Skipped 0 batches during training
2024-05-19 21:42:58,620 - utils - INFO - Skipped 0 batches during validation
2024-05-19 21:42:58,620 - utils - INFO - Train Loss: 0.3493, Val Loss: 0.3101, Val Acc: 0.8975
2024-05-19 21:42:58,621 - utils - INFO - Epoch 9/10:
2024-05-19 21:43:24,323 - utils - INFO - Skipped 0 batches during training
2024-05-19 21:43:39,899 - utils - INFO - Skipped 0 batches during validation
2024-05-19 21:43:39,899 - utils - INFO - Train Loss: 0.3052, Val Loss: 0.2073, Val Acc: 0.9267
2024-05-19 21:43:39,900 - utils - INFO - Epoch 10/10:
2024-05-19 21:44:05,672 - utils - INFO - Skipped 0 batches during training
2024-05-19 21:44:21,316 - utils - INFO - Skipped 0 batches during validation
2024-05-19 21:44:21,316 - utils - INFO - Train Loss: 0.2202, Val Loss: 0.1073, Val Acc: 0.9650
2024-05-19 21:46:21,504 - utils - INFO - Epoch 1/10:
2024-05-19 21:57:33,082 - utils - INFO - Skipped 0 batches during training
2024-05-19 21:57:48,377 - utils - INFO - Skipped 0 batches during validation
2024-05-19 21:57:48,378 - utils - INFO - Train Loss: 0.9913, Val Loss: 0.8462, Val Acc: 0.7121
2024-05-19 21:57:48,378 - utils - INFO - Epoch 2/10:
2024-05-19 21:58:13,200 - utils - INFO - Skipped 0 batches during training
2024-05-19 21:58:28,356 - utils - INFO - Skipped 0 batches during validation
2024-05-19 21:58:28,357 - utils - INFO - Train Loss: 1.0529, Val Loss: 4.9314, Val Acc: 0.6376
2024-05-19 21:58:28,357 - utils - INFO - Epoch 3/10:
2024-05-19 21:58:53,456 - utils - INFO - Skipped 0 batches during training
2024-05-19 21:59:08,340 - utils - INFO - Skipped 0 batches during validation
2024-05-19 21:59:08,341 - utils - INFO - Train Loss: 0.7187, Val Loss: 0.4902, Val Acc: 0.8315
2024-05-19 21:59:08,341 - utils - INFO - Epoch 4/10:
2024-05-19 21:59:33,151 - utils - INFO - Skipped 0 batches during training
2024-05-19 21:59:48,482 - utils - INFO - Skipped 0 batches during validation
2024-05-19 21:59:48,482 - utils - INFO - Train Loss: 0.5704, Val Loss: 0.4187, Val Acc: 0.8564
2024-05-19 21:59:48,482 - utils - INFO - Epoch 5/10:
2024-05-19 22:00:13,506 - utils - INFO - Skipped 0 batches during training
2024-05-19 22:00:28,447 - utils - INFO - Skipped 0 batches during validation
2024-05-19 22:00:28,448 - utils - INFO - Train Loss: 0.4827, Val Loss: 0.4253, Val Acc: 0.8584
2024-05-19 22:00:28,448 - utils - INFO - Epoch 6/10:
2024-05-19 22:00:53,475 - utils - INFO - Skipped 0 batches during training
2024-05-19 22:01:08,443 - utils - INFO - Skipped 0 batches during validation
2024-05-19 22:01:08,443 - utils - INFO - Train Loss: 0.4170, Val Loss: 0.2582, Val Acc: 0.9157
2024-05-19 22:01:08,443 - utils - INFO - Epoch 7/10:
2024-05-19 22:01:33,404 - utils - INFO - Skipped 0 batches during training
2024-05-19 22:01:48,746 - utils - INFO - Skipped 0 batches during validation
2024-05-19 22:01:48,746 - utils - INFO - Train Loss: 0.3993, Val Loss: 0.2973, Val Acc: 0.8998
2024-05-19 22:01:48,746 - utils - INFO - Epoch 8/10:
2024-05-19 22:02:13,678 - utils - INFO - Skipped 0 batches during training
2024-05-19 22:02:28,650 - utils - INFO - Skipped 0 batches during validation
2024-05-19 22:02:28,650 - utils - INFO - Train Loss: 0.3312, Val Loss: 0.1709, Val Acc: 0.9427
2024-05-19 22:02:28,650 - utils - INFO - Epoch 9/10:
2024-05-19 22:02:53,724 - utils - INFO - Skipped 0 batches during training
2024-05-19 22:03:08,542 - utils - INFO - Skipped 0 batches during validation
2024-05-19 22:03:08,542 - utils - INFO - Train Loss: 0.2600, Val Loss: 0.4279, Val Acc: 0.8656
2024-05-19 22:03:08,542 - utils - INFO - Epoch 10/10:
2024-05-19 22:03:33,439 - utils - INFO - Skipped 0 batches during training
2024-05-19 22:03:48,831 - utils - INFO - Skipped 0 batches during validation
2024-05-19 22:03:48,831 - utils - INFO - Train Loss: 0.4417, Val Loss: 0.2132, Val Acc: 0.9308
2024-05-20 00:48:01,593 - utils - INFO - Splitting dataset into 5 batches and saving to data\batches
2024-05-20 01:10:37,460 - utils - INFO - Epoch 1/10:
2024-05-20 01:19:45,739 - utils - INFO - Skipped 0 batches during training
2024-05-20 01:20:02,581 - utils - INFO - Skipped 0 batches during validation
2024-05-20 01:20:02,582 - utils - INFO - Train Loss: 0.9846, Val Loss: 0.7329, Val Acc: 0.7527
2024-05-20 01:20:02,582 - utils - INFO - Epoch 2/10:
2024-05-20 01:20:29,452 - utils - INFO - Skipped 0 batches during training
2024-05-20 01:20:46,416 - utils - INFO - Skipped 0 batches during validation
2024-05-20 01:20:46,416 - utils - INFO - Train Loss: 0.8715, Val Loss: 0.9244, Val Acc: 0.6707
2024-05-20 01:20:46,417 - utils - INFO - Epoch 3/10:
2024-05-20 01:21:13,621 - utils - INFO - Skipped 0 batches during training
2024-05-20 01:21:30,480 - utils - INFO - Skipped 0 batches during validation
2024-05-20 01:21:30,481 - utils - INFO - Train Loss: 0.6729, Val Loss: 0.4666, Val Acc: 0.8473
2024-05-20 01:21:30,481 - utils - INFO - Epoch 4/10:
2024-05-20 01:21:57,769 - utils - INFO - Skipped 0 batches during training
2024-05-20 01:22:14,776 - utils - INFO - Skipped 0 batches during validation
2024-05-20 01:22:14,776 - utils - INFO - Train Loss: 0.7266, Val Loss: 0.4532, Val Acc: 0.8493
2024-05-20 01:22:14,776 - utils - INFO - Epoch 5/10:
2024-05-20 01:22:41,866 - utils - INFO - Skipped 0 batches during training
2024-05-20 01:22:58,625 - utils - INFO - Skipped 0 batches during validation
2024-05-20 01:22:58,626 - utils - INFO - Train Loss: 0.4923, Val Loss: 0.5164, Val Acc: 0.8185
2024-05-20 01:22:58,626 - utils - INFO - Epoch 6/10:
2024-05-20 01:23:24,926 - utils - INFO - Skipped 0 batches during training
2024-05-20 01:23:41,163 - utils - INFO - Skipped 0 batches during validation
2024-05-20 01:23:41,163 - utils - INFO - Train Loss: 0.4143, Val Loss: 0.2596, Val Acc: 0.9138
2024-05-20 01:23:41,164 - utils - INFO - Epoch 7/10:
2024-05-20 01:24:07,666 - utils - INFO - Skipped 0 batches during training
2024-05-20 01:24:24,093 - utils - INFO - Skipped 0 batches during validation
2024-05-20 01:24:24,093 - utils - INFO - Train Loss: 0.4482, Val Loss: 1.3151, Val Acc: 0.5697
2024-05-20 01:24:24,093 - utils - INFO - Epoch 8/10:
2024-05-20 01:24:50,528 - utils - INFO - Skipped 0 batches during training
2024-05-20 01:25:06,735 - utils - INFO - Skipped 0 batches during validation
2024-05-20 01:25:06,735 - utils - INFO - Train Loss: 0.4874, Val Loss: 0.2369, Val Acc: 0.9233
2024-05-20 01:25:06,735 - utils - INFO - Epoch 9/10:
2024-05-20 01:25:34,019 - utils - INFO - Skipped 0 batches during training
2024-05-20 01:25:52,899 - utils - INFO - Skipped 0 batches during validation
2024-05-20 01:25:52,900 - utils - INFO - Train Loss: 0.2500, Val Loss: 0.1436, Val Acc: 0.9537
2024-05-20 01:25:52,900 - utils - INFO - Epoch 10/10:
2024-05-20 01:26:20,961 - utils - INFO - Skipped 0 batches during training
2024-05-20 01:26:38,022 - utils - INFO - Skipped 0 batches during validation
2024-05-20 01:26:38,022 - utils - INFO - Train Loss: 0.2047, Val Loss: 0.1694, Val Acc: 0.9456
2024-05-20 02:00:43,385 - utils - INFO - Epoch 1/10:
2024-05-20 02:14:10,357 - utils - INFO - Epoch 1/10:
2024-05-20 02:14:56,973 - utils - INFO - Skipped 0 batches during training
2024-05-20 02:15:06,872 - utils - INFO - Skipped 0 batches during validation
2024-05-20 02:15:06,873 - utils - INFO - Train Loss: 0.8220, Val Loss: 0.7525, Val Acc: 0.7483
2024-05-20 02:15:06,873 - utils - INFO - Epoch 2/10:
2024-05-20 02:15:50,576 - utils - INFO - Skipped 0 batches during training
2024-05-20 02:16:00,483 - utils - INFO - Skipped 0 batches during validation
2024-05-20 02:16:00,484 - utils - INFO - Train Loss: 0.4849, Val Loss: 0.5585, Val Acc: 0.8085
2024-05-20 02:16:00,484 - utils - INFO - Epoch 3/10:
2024-05-20 02:16:46,379 - utils - INFO - Skipped 0 batches during training
2024-05-20 02:16:56,143 - utils - INFO - Skipped 0 batches during validation
2024-05-20 02:16:56,145 - utils - INFO - Train Loss: 0.3628, Val Loss: 0.4833, Val Acc: 0.8385
2024-05-20 02:16:56,145 - utils - INFO - Epoch 4/10:
2024-05-20 02:17:39,923 - utils - INFO - Skipped 0 batches during training
2024-05-20 02:17:49,882 - utils - INFO - Skipped 0 batches during validation
2024-05-20 02:17:49,883 - utils - INFO - Train Loss: 0.2726, Val Loss: 0.4219, Val Acc: 0.8609
2024-05-20 02:17:49,883 - utils - INFO - Epoch 5/10:
2024-05-20 02:18:33,437 - utils - INFO - Skipped 0 batches during training
2024-05-20 02:18:43,568 - utils - INFO - Skipped 0 batches during validation
2024-05-20 02:18:43,568 - utils - INFO - Train Loss: 0.2113, Val Loss: 0.4196, Val Acc: 0.8639
2024-05-20 02:18:43,568 - utils - INFO - Epoch 6/10:
2024-05-20 02:19:28,375 - utils - INFO - Skipped 0 batches during training
2024-05-20 02:19:39,236 - utils - INFO - Skipped 0 batches during validation
2024-05-20 02:19:39,237 - utils - INFO - Train Loss: 0.1664, Val Loss: 0.5298, Val Acc: 0.8479
2024-05-20 02:19:39,237 - utils - INFO - Epoch 7/10:
2024-05-20 02:20:23,617 - utils - INFO - Skipped 0 batches during training
2024-05-20 02:20:33,554 - utils - INFO - Skipped 0 batches during validation
2024-05-20 02:20:33,554 - utils - INFO - Train Loss: 0.1327, Val Loss: 0.5399, Val Acc: 0.8442
2024-05-20 02:20:33,555 - utils - INFO - Epoch 8/10:
2024-05-20 02:21:16,941 - utils - INFO - Skipped 0 batches during training
2024-05-20 02:21:26,902 - utils - INFO - Skipped 0 batches during validation
2024-05-20 02:21:26,902 - utils - INFO - Train Loss: 0.1146, Val Loss: 0.5243, Val Acc: 0.8485
2024-05-20 02:21:26,902 - utils - INFO - Epoch 9/10:
2024-05-20 02:22:10,339 - utils - INFO - Skipped 0 batches during training
2024-05-20 02:22:22,004 - utils - INFO - Skipped 0 batches during validation
2024-05-20 02:22:22,006 - utils - INFO - Train Loss: 0.0972, Val Loss: 0.5123, Val Acc: 0.8584
2024-05-20 02:22:22,006 - utils - INFO - Epoch 10/10:
2024-05-20 02:23:06,557 - utils - INFO - Skipped 0 batches during training
2024-05-20 02:23:16,517 - utils - INFO - Skipped 0 batches during validation
2024-05-20 02:23:16,518 - utils - INFO - Train Loss: 0.0877, Val Loss: 0.6710, Val Acc: 0.8316
2024-05-20 02:23:16,518 - utils - INFO - Early stopping triggered. Training stopped.
2024-05-20 02:34:18,358 - utils - INFO - Epoch 1/10:
2024-05-20 02:35:06,076 - utils - INFO - Skipped 0 batches during training
2024-05-20 02:35:16,196 - utils - INFO - Skipped 0 batches during validation
2024-05-20 02:35:16,197 - utils - INFO - Train Loss: 0.7828, Val Loss: 0.7950, Val Acc: 0.7454
2024-05-20 02:35:16,197 - utils - INFO - Epoch 2/10:
2024-05-20 02:36:00,602 - utils - INFO - Skipped 0 batches during training
2024-05-20 02:36:10,582 - utils - INFO - Skipped 0 batches during validation
2024-05-20 02:36:10,583 - utils - INFO - Train Loss: 0.4733, Val Loss: 0.5482, Val Acc: 0.8165
2024-05-20 02:36:10,583 - utils - INFO - Epoch 3/10:
2024-05-20 02:36:54,430 - utils - INFO - Skipped 0 batches during training
2024-05-20 02:37:04,337 - utils - INFO - Skipped 0 batches during validation
2024-05-20 02:37:04,337 - utils - INFO - Train Loss: 0.3389, Val Loss: 0.4159, Val Acc: 0.8595
2024-05-20 02:37:04,338 - utils - INFO - Epoch 4/10:
2024-05-20 02:37:49,707 - utils - INFO - Skipped 0 batches during training
2024-05-20 02:37:59,622 - utils - INFO - Skipped 0 batches during validation
2024-05-20 02:37:59,622 - utils - INFO - Train Loss: 0.2657, Val Loss: 0.4375, Val Acc: 0.8518
2024-05-20 02:37:59,622 - utils - INFO - Epoch 5/10:
2024-05-20 02:38:43,687 - utils - INFO - Skipped 0 batches during training
2024-05-20 02:38:53,841 - utils - INFO - Skipped 0 batches during validation
2024-05-20 02:38:53,841 - utils - INFO - Train Loss: 0.2040, Val Loss: 0.5236, Val Acc: 0.8386
2024-05-20 02:38:53,842 - utils - INFO - Epoch 6/10:
2024-05-20 02:39:37,561 - utils - INFO - Skipped 0 batches during training
2024-05-20 02:39:47,746 - utils - INFO - Skipped 0 batches during validation
2024-05-20 02:39:47,746 - utils - INFO - Train Loss: 0.1689, Val Loss: 0.4683, Val Acc: 0.8598
2024-05-20 02:39:47,746 - utils - INFO - Epoch 7/10:
2024-05-20 02:40:32,524 - utils - INFO - Skipped 0 batches during training
2024-05-20 02:40:43,553 - utils - INFO - Skipped 0 batches during validation
2024-05-20 02:40:43,553 - utils - INFO - Train Loss: 0.1249, Val Loss: 0.4537, Val Acc: 0.8651
2024-05-20 02:40:43,553 - utils - INFO - Epoch 8/10:
2024-05-20 02:44:07,044 - utils - INFO - Skipped 0 batches during training
2024-05-20 02:45:40,935 - utils - INFO - Skipped 0 batches during validation
2024-05-20 02:45:40,935 - utils - INFO - Train Loss: 0.1198, Val Loss: 0.4591, Val Acc: 0.8591
2024-05-20 02:45:40,935 - utils - INFO - Early stopping triggered. Training stopped.
2024-05-20 02:46:47,126 - utils - INFO - Skipped 0 batches during validation
2024-05-20 02:48:56,544 - utils - INFO - Epoch 1/10:
2024-05-20 02:52:58,377 - utils - INFO - Skipped 0 batches during training
2024-05-20 02:54:31,974 - utils - INFO - Skipped 0 batches during validation
2024-05-20 02:54:31,974 - utils - INFO - Train Loss: 0.8073, Val Loss: 0.7029, Val Acc: 0.7534
2024-05-20 02:54:31,974 - utils - INFO - Epoch 2/10:
2024-05-20 02:55:15,974 - utils - INFO - Skipped 0 batches during training
2024-05-20 02:55:25,777 - utils - INFO - Skipped 0 batches during validation
2024-05-20 02:55:25,777 - utils - INFO - Train Loss: 0.4681, Val Loss: 0.6196, Val Acc: 0.7933
2024-05-20 02:55:25,778 - utils - INFO - Epoch 3/10:
2024-05-20 02:56:11,292 - utils - INFO - Skipped 0 batches during training
2024-05-20 02:56:21,254 - utils - INFO - Skipped 0 batches during validation
2024-05-20 02:56:21,255 - utils - INFO - Train Loss: 0.3531, Val Loss: 0.7688, Val Acc: 0.7546
2024-05-20 02:56:21,255 - utils - INFO - Epoch 4/10:
2024-05-20 02:57:05,279 - utils - INFO - Skipped 0 batches during training
2024-05-20 02:57:15,245 - utils - INFO - Skipped 0 batches during validation
2024-05-20 02:57:15,245 - utils - INFO - Train Loss: 0.2650, Val Loss: 0.5643, Val Acc: 0.8283
2024-05-20 02:57:15,245 - utils - INFO - Epoch 5/10:
2024-05-20 02:57:58,741 - utils - INFO - Skipped 0 batches during training
2024-05-20 02:58:08,632 - utils - INFO - Skipped 0 batches during validation
2024-05-20 02:58:08,633 - utils - INFO - Train Loss: 0.2107, Val Loss: 0.5801, Val Acc: 0.8242
2024-05-20 02:58:08,633 - utils - INFO - Epoch 6/10:
2024-05-20 02:58:54,288 - utils - INFO - Skipped 0 batches during training
2024-05-20 02:59:04,025 - utils - INFO - Skipped 0 batches during validation
2024-05-20 02:59:04,027 - utils - INFO - Train Loss: 0.1655, Val Loss: 0.4187, Val Acc: 0.8691
2024-05-20 02:59:04,027 - utils - INFO - Epoch 7/10:
2024-05-20 02:59:48,328 - utils - INFO - Skipped 0 batches during training
2024-05-20 02:59:58,275 - utils - INFO - Skipped 0 batches during validation
2024-05-20 02:59:58,275 - utils - INFO - Train Loss: 0.1435, Val Loss: 0.4081, Val Acc: 0.8734
2024-05-20 02:59:58,275 - utils - INFO - Epoch 8/10:
2024-05-20 03:00:41,952 - utils - INFO - Skipped 0 batches during training
2024-05-20 03:00:51,885 - utils - INFO - Skipped 0 batches during validation
2024-05-20 03:00:51,885 - utils - INFO - Train Loss: 0.1114, Val Loss: 0.4606, Val Acc: 0.8639
2024-05-20 03:00:51,886 - utils - INFO - Epoch 9/10:
2024-05-20 03:01:36,215 - utils - INFO - Skipped 0 batches during training
2024-05-20 03:01:47,115 - utils - INFO - Skipped 0 batches during validation
2024-05-20 03:01:47,116 - utils - INFO - Train Loss: 0.0978, Val Loss: 0.3984, Val Acc: 0.8804
2024-05-20 03:01:47,116 - utils - INFO - Epoch 10/10:
2024-05-20 03:02:31,977 - utils - INFO - Skipped 0 batches during training
2024-05-20 03:02:41,801 - utils - INFO - Skipped 0 batches during validation
2024-05-20 03:02:41,802 - utils - INFO - Train Loss: 0.0850, Val Loss: 0.5491, Val Acc: 0.8583
2024-05-20 04:15:21,726 - utils - INFO - Splitting dataset into 5 batches and saving to data\batches
2024-05-20 04:35:15,704 - utils - INFO - Epoch 1/10:
2024-05-20 04:36:34,457 - utils - INFO - Splitting dataset into 5 batches and saving to data\batches
2024-05-20 04:52:17,738 - utils - INFO - Splitting dataset into 5 batches and saving to data\batches
2024-05-20 05:02:58,469 - utils - INFO - Splitting dataset into 5 batches and saving to data\batches
2024-05-20 05:22:33,404 - utils - INFO - Epoch 1/10:
2024-05-20 05:28:41,147 - utils - INFO - Skipped 0 batches during training
2024-05-20 05:28:57,876 - utils - INFO - Skipped 0 batches during validation
2024-05-20 05:28:57,877 - utils - INFO - Train Loss: 1.2453, Val Loss: 1.2523, Val Acc: 0.5843
2024-05-20 05:28:57,877 - utils - INFO - Epoch 2/10:
2024-05-20 05:29:26,361 - utils - INFO - Skipped 0 batches during training
2024-05-20 05:29:42,730 - utils - INFO - Skipped 0 batches during validation
2024-05-20 05:29:42,730 - utils - INFO - Train Loss: 0.9686, Val Loss: 1.0287, Val Acc: 0.6791
2024-05-20 05:29:42,730 - utils - INFO - Epoch 3/10:
2024-05-20 05:30:09,144 - utils - INFO - Skipped 0 batches during training
2024-05-20 05:30:27,728 - utils - INFO - Skipped 0 batches during validation
2024-05-20 05:30:27,729 - utils - INFO - Train Loss: 0.7814, Val Loss: 0.6394, Val Acc: 0.7786
2024-05-20 05:30:27,729 - utils - INFO - Epoch 4/10:
2024-05-20 05:30:56,434 - utils - INFO - Skipped 0 batches during training
2024-05-20 05:31:13,976 - utils - INFO - Skipped 0 batches during validation
2024-05-20 05:31:13,976 - utils - INFO - Train Loss: 0.6292, Val Loss: 0.7025, Val Acc: 0.7877
2024-05-20 05:31:13,976 - utils - INFO - Epoch 5/10:
2024-05-20 05:31:42,153 - utils - INFO - Skipped 0 batches during training
2024-05-20 05:31:59,798 - utils - INFO - Skipped 0 batches during validation
2024-05-20 05:31:59,799 - utils - INFO - Train Loss: 0.9747, Val Loss: 1.5446, Val Acc: 0.5488
2024-05-20 05:31:59,799 - utils - INFO - Epoch 6/10:
2024-05-20 05:32:27,846 - utils - INFO - Skipped 0 batches during training
2024-05-20 05:32:45,293 - utils - INFO - Skipped 0 batches during validation
2024-05-20 05:32:45,293 - utils - INFO - Train Loss: 0.9151, Val Loss: 0.6138, Val Acc: 0.7989
2024-05-20 05:32:45,294 - utils - INFO - Epoch 7/10:
2024-05-20 05:33:13,410 - utils - INFO - Skipped 0 batches during training
2024-05-20 05:33:32,036 - utils - INFO - Skipped 0 batches during validation
2024-05-20 05:33:32,036 - utils - INFO - Train Loss: 0.6334, Val Loss: 0.4740, Val Acc: 0.8387
2024-05-20 05:33:32,036 - utils - INFO - Epoch 8/10:
2024-05-20 05:34:00,002 - utils - INFO - Skipped 0 batches during training
2024-05-20 05:34:17,589 - utils - INFO - Skipped 0 batches during validation
2024-05-20 05:34:17,589 - utils - INFO - Train Loss: 0.4891, Val Loss: 0.3370, Val Acc: 0.8870
2024-05-20 05:34:17,591 - utils - INFO - Epoch 9/10:
2024-05-20 05:34:45,755 - utils - INFO - Skipped 0 batches during training
2024-05-20 05:35:03,325 - utils - INFO - Skipped 0 batches during validation
2024-05-20 05:35:03,326 - utils - INFO - Train Loss: 0.4376, Val Loss: 0.3311, Val Acc: 0.8865
2024-05-20 05:35:03,326 - utils - INFO - Epoch 10/10:
2024-05-20 05:35:31,534 - utils - INFO - Skipped 0 batches during training
2024-05-20 05:35:49,137 - utils - INFO - Skipped 0 batches during validation
2024-05-20 05:35:49,137 - utils - INFO - Train Loss: 0.3557, Val Loss: 0.2154, Val Acc: 0.9290
2024-05-20 05:38:12,764 - utils - INFO - Splitting dataset into 5 batches and saving to data\batches
2024-05-20 05:44:09,734 - utils - INFO - Splitting dataset into 5 batches and saving to data\batches
2024-05-20 05:51:55,448 - utils - INFO - Splitting dataset into 5 batches and saving to data\batches
2024-05-20 06:03:50,271 - utils - INFO - Splitting dataset into 5 batches and saving to data\batches
2024-05-20 06:04:34,359 - utils - INFO - Extracting test batch and saving to data\batches\test_batch
2024-05-20 07:11:11,051 - utils - INFO - Splitting dataset into 5 batches and saving to data\batches
2024-05-20 07:13:46,868 - utils - INFO - Splitting dataset into 5 batches and saving to data\batches
2024-05-20 07:16:54,229 - utils - INFO - Splitting dataset into 5 batches and saving to data\batches
2024-05-20 13:12:19,388 - utils - INFO - Splitting dataset into 5 batches and saving to data\batches
2024-05-20 13:49:46,141 - utils - INFO - Epoch 1/10:
2024-05-20 14:01:45,669 - utils - INFO - Skipped 0 batches during training
2024-05-20 14:02:02,260 - utils - INFO - Skipped 0 batches during validation
2024-05-20 14:02:02,260 - utils - INFO - Train Loss: 1.0533, Val Loss: 0.6747, Val Acc: 0.7642
2024-05-20 14:02:02,261 - utils - INFO - Epoch 2/10:
2024-05-20 14:02:29,360 - utils - INFO - Skipped 0 batches during training
2024-05-20 14:02:45,935 - utils - INFO - Skipped 0 batches during validation
2024-05-20 14:02:45,936 - utils - INFO - Train Loss: 0.7552, Val Loss: 0.5098, Val Acc: 0.8277
2024-05-20 14:02:45,936 - utils - INFO - Epoch 3/10:
2024-05-20 14:03:12,896 - utils - INFO - Skipped 0 batches during training
2024-05-20 14:03:29,772 - utils - INFO - Skipped 0 batches during validation
2024-05-20 14:03:29,772 - utils - INFO - Train Loss: 0.6082, Val Loss: 0.4259, Val Acc: 0.8548
2024-05-20 14:03:29,772 - utils - INFO - Epoch 4/10:
2024-05-20 14:03:56,621 - utils - INFO - Skipped 0 batches during training
2024-05-20 14:04:13,068 - utils - INFO - Skipped 0 batches during validation
2024-05-20 14:04:13,068 - utils - INFO - Train Loss: 0.5481, Val Loss: 0.4006, Val Acc: 0.8641
2024-05-20 14:04:13,068 - utils - INFO - Epoch 5/10:
2024-05-20 14:04:40,120 - utils - INFO - Skipped 0 batches during training
2024-05-20 14:04:56,795 - utils - INFO - Skipped 0 batches during validation
2024-05-20 14:04:56,795 - utils - INFO - Train Loss: 0.3940, Val Loss: 0.3066, Val Acc: 0.8974
2024-05-20 14:04:56,795 - utils - INFO - Epoch 6/10:
2024-05-20 14:05:23,992 - utils - INFO - Skipped 0 batches during training
2024-05-20 14:05:40,441 - utils - INFO - Skipped 0 batches during validation
2024-05-20 14:05:40,442 - utils - INFO - Train Loss: 0.5607, Val Loss: 0.4048, Val Acc: 0.8617
2024-05-20 14:05:40,442 - utils - INFO - Epoch 7/10:
2024-05-20 14:06:07,675 - utils - INFO - Skipped 0 batches during training
2024-05-20 14:06:24,385 - utils - INFO - Skipped 0 batches during validation
2024-05-20 14:06:24,385 - utils - INFO - Train Loss: 0.5009, Val Loss: 0.2178, Val Acc: 0.9274
2024-05-20 14:06:24,385 - utils - INFO - Epoch 8/10:
2024-05-20 14:06:51,311 - utils - INFO - Skipped 0 batches during training
2024-05-20 14:07:08,028 - utils - INFO - Skipped 0 batches during validation
2024-05-20 14:07:08,029 - utils - INFO - Train Loss: 0.4042, Val Loss: 0.1954, Val Acc: 0.9361
2024-05-20 14:07:08,029 - utils - INFO - Epoch 9/10:
2024-05-20 14:07:35,013 - utils - INFO - Skipped 0 batches during training
2024-05-20 14:07:51,867 - utils - INFO - Skipped 0 batches during validation
2024-05-20 14:07:51,867 - utils - INFO - Train Loss: 0.2628, Val Loss: 0.1455, Val Acc: 0.9512
2024-05-20 14:07:51,867 - utils - INFO - Epoch 10/10:
2024-05-20 14:08:19,301 - utils - INFO - Skipped 0 batches during training
2024-05-20 14:08:36,125 - utils - INFO - Skipped 0 batches during validation
2024-05-20 14:08:36,125 - utils - INFO - Train Loss: 0.1924, Val Loss: 0.1187, Val Acc: 0.9602
2024-05-20 14:11:55,338 - utils - INFO - Test Accuracy: 0.8164
2024-05-23 19:17:34,113 - utils - INFO - Epoch 1/10:
2024-05-23 19:25:38,411 - utils - INFO - Skipped 0 batches during training
2024-05-23 19:26:08,007 - utils - INFO - Skipped 0 batches during validation
2024-05-23 19:26:08,008 - utils - INFO - Train Loss: 1.0076, Val Loss: 1.2529, Val Acc: 0.6538
2024-05-23 19:26:08,008 - utils - INFO - Epoch 2/10:
2024-05-23 19:26:34,910 - utils - INFO - Skipped 0 batches during training
2024-05-23 19:26:51,654 - utils - INFO - Skipped 0 batches during validation
2024-05-23 19:26:51,654 - utils - INFO - Train Loss: 0.7231, Val Loss: 0.6020, Val Acc: 0.7958
2024-05-23 19:26:51,654 - utils - INFO - Epoch 3/10:
2024-05-23 19:27:18,166 - utils - INFO - Skipped 0 batches during training
2024-05-23 19:27:34,762 - utils - INFO - Skipped 0 batches during validation
2024-05-23 19:27:34,762 - utils - INFO - Train Loss: 0.5874, Val Loss: 0.4367, Val Acc: 0.8532
2024-05-23 19:27:34,762 - utils - INFO - Epoch 4/10:
2024-05-23 19:28:01,501 - utils - INFO - Skipped 0 batches during training
2024-05-23 19:28:18,317 - utils - INFO - Skipped 0 batches during validation
2024-05-23 19:28:18,317 - utils - INFO - Train Loss: 0.5172, Val Loss: 0.4362, Val Acc: 0.8549
2024-05-23 19:28:18,317 - utils - INFO - Epoch 5/10:
2024-05-23 19:28:45,860 - utils - INFO - Skipped 0 batches during training
2024-05-23 19:29:02,089 - utils - INFO - Skipped 0 batches during validation
2024-05-23 19:29:02,089 - utils - INFO - Train Loss: 0.5771, Val Loss: 0.3492, Val Acc: 0.8825
2024-05-23 19:29:02,089 - utils - INFO - Epoch 6/10:
2024-05-23 19:29:27,145 - utils - INFO - Skipped 0 batches during training
2024-05-23 19:29:42,039 - utils - INFO - Skipped 0 batches during validation
2024-05-23 19:29:42,040 - utils - INFO - Train Loss: 0.3628, Val Loss: 0.2425, Val Acc: 0.9172
2024-05-23 19:29:42,040 - utils - INFO - Epoch 7/10:
2024-05-23 19:30:07,147 - utils - INFO - Skipped 0 batches during training
2024-05-23 19:30:26,441 - utils - INFO - Skipped 0 batches during validation
2024-05-23 19:30:26,441 - utils - INFO - Train Loss: 0.2818, Val Loss: 0.1786, Val Acc: 0.9410
2024-05-23 19:30:26,441 - utils - INFO - Epoch 8/10:
2024-05-23 19:30:54,669 - utils - INFO - Skipped 0 batches during training
2024-05-23 19:31:10,940 - utils - INFO - Skipped 0 batches during validation
2024-05-23 19:31:10,940 - utils - INFO - Train Loss: 0.3985, Val Loss: 0.2001, Val Acc: 0.9373
2024-05-23 19:31:10,940 - utils - INFO - Epoch 9/10:
2024-05-23 19:31:37,689 - utils - INFO - Skipped 0 batches during training
2024-05-23 19:31:54,612 - utils - INFO - Skipped 0 batches during validation
2024-05-23 19:31:54,612 - utils - INFO - Train Loss: 0.2683, Val Loss: 0.4442, Val Acc: 0.8561
2024-05-23 19:31:54,612 - utils - INFO - Epoch 10/10:
2024-05-23 19:32:22,862 - utils - INFO - Skipped 0 batches during training
2024-05-23 19:32:39,450 - utils - INFO - Skipped 0 batches during validation
2024-05-23 19:32:39,450 - utils - INFO - Train Loss: 0.4240, Val Loss: 0.1290, Val Acc: 0.9586
2024-05-23 19:34:21,099 - utils - INFO - Test Accuracy: 0.8242
2024-05-23 19:35:41,910 - utils - INFO - Test Accuracy: 0.8242
2024-05-23 19:36:51,505 - utils - INFO - Splitting dataset into 5 batches and saving to data\batches
2024-05-23 19:40:37,747 - utils - INFO - Epoch 1/10:
2024-05-23 19:43:43,470 - utils - INFO - Skipped 0 batches during training
2024-05-23 19:44:00,292 - utils - INFO - Skipped 0 batches during validation
2024-05-23 19:44:00,292 - utils - INFO - Train Loss: 0.9885, Val Loss: 0.6969, Val Acc: 0.7633
2024-05-23 19:44:00,292 - utils - INFO - Epoch 2/10:
2024-05-23 19:44:27,388 - utils - INFO - Skipped 0 batches during training
2024-05-23 19:44:44,925 - utils - INFO - Skipped 0 batches during validation
2024-05-23 19:44:44,925 - utils - INFO - Train Loss: 0.7670, Val Loss: 0.7134, Val Acc: 0.7879
2024-05-23 19:44:44,926 - utils - INFO - Epoch 3/10:
2024-05-23 19:45:12,751 - utils - INFO - Skipped 0 batches during training
2024-05-23 19:45:29,450 - utils - INFO - Skipped 0 batches during validation
2024-05-23 19:45:29,451 - utils - INFO - Train Loss: 0.6075, Val Loss: 0.4452, Val Acc: 0.8510
2024-05-23 19:45:29,451 - utils - INFO - Epoch 4/10:
2024-05-23 19:45:56,073 - utils - INFO - Skipped 0 batches during training
2024-05-23 19:46:12,401 - utils - INFO - Skipped 0 batches during validation
2024-05-23 19:46:12,402 - utils - INFO - Train Loss: 0.5159, Val Loss: 0.3886, Val Acc: 0.8659
2024-05-23 19:46:12,402 - utils - INFO - Epoch 5/10:
2024-05-23 19:46:38,930 - utils - INFO - Skipped 0 batches during training
2024-05-23 19:46:55,513 - utils - INFO - Skipped 0 batches during validation
2024-05-23 19:46:55,514 - utils - INFO - Train Loss: 0.3991, Val Loss: 0.2648, Val Acc: 0.9129
2024-05-23 19:46:55,514 - utils - INFO - Epoch 6/10:
2024-05-23 19:47:22,073 - utils - INFO - Skipped 0 batches during training
2024-05-23 19:47:38,345 - utils - INFO - Skipped 0 batches during validation
2024-05-23 19:47:38,346 - utils - INFO - Train Loss: 0.4890, Val Loss: 0.5846, Val Acc: 0.8026
2024-05-23 19:47:38,346 - utils - INFO - Epoch 7/10:
2024-05-23 19:48:04,717 - utils - INFO - Skipped 0 batches during training
2024-05-23 19:48:22,322 - utils - INFO - Skipped 0 batches during validation
2024-05-23 19:48:22,322 - utils - INFO - Train Loss: 0.4200, Val Loss: 0.1887, Val Acc: 0.9375
2024-05-23 19:48:22,322 - utils - INFO - Epoch 8/10:
2024-05-23 19:48:48,905 - utils - INFO - Skipped 0 batches during training
2024-05-23 19:49:05,323 - utils - INFO - Skipped 0 batches during validation
2024-05-23 19:49:05,323 - utils - INFO - Train Loss: 0.2597, Val Loss: 0.1557, Val Acc: 0.9483
2024-05-23 19:49:05,323 - utils - INFO - Epoch 9/10:
2024-05-23 19:49:32,426 - utils - INFO - Skipped 0 batches during training
2024-05-23 19:49:48,866 - utils - INFO - Skipped 0 batches during validation
2024-05-23 19:49:48,867 - utils - INFO - Train Loss: 0.3423, Val Loss: 0.2318, Val Acc: 0.9223
2024-05-23 19:49:48,867 - utils - INFO - Epoch 10/10:
2024-05-23 19:50:15,240 - utils - INFO - Skipped 0 batches during training
2024-05-23 19:50:31,806 - utils - INFO - Skipped 0 batches during validation
2024-05-23 19:50:31,806 - utils - INFO - Train Loss: 0.2259, Val Loss: 0.0914, Val Acc: 0.9722
2024-05-23 19:56:46,545 - utils - INFO - Epoch 1/10:
2024-05-23 19:57:48,412 - utils - INFO - Epoch 1/10:
2024-05-23 20:02:09,817 - utils - INFO - Skipped 0 batches during training
2024-05-23 20:02:20,101 - utils - INFO - Skipped 0 batches during validation
2024-05-23 20:02:20,101 - utils - INFO - Train Loss: 1.1610, Val Loss: 1.1325, Val Acc: 0.6436
2024-05-23 20:02:20,103 - utils - INFO - Epoch 2/10:
2024-05-23 20:02:35,985 - utils - INFO - Skipped 0 batches during training
2024-05-23 20:02:46,039 - utils - INFO - Skipped 0 batches during validation
2024-05-23 20:02:46,039 - utils - INFO - Train Loss: 0.7950, Val Loss: 0.6028, Val Acc: 0.7923
2024-05-23 20:02:46,039 - utils - INFO - Epoch 3/10:
2024-05-23 20:03:02,104 - utils - INFO - Skipped 0 batches during training
2024-05-23 20:03:11,778 - utils - INFO - Skipped 0 batches during validation
2024-05-23 20:03:11,778 - utils - INFO - Train Loss: 0.6352, Val Loss: 0.4984, Val Acc: 0.8340
2024-05-23 20:03:11,778 - utils - INFO - Epoch 4/10:
2024-05-23 20:03:27,972 - utils - INFO - Skipped 0 batches during training
2024-05-23 20:03:37,750 - utils - INFO - Skipped 0 batches during validation
2024-05-23 20:03:37,750 - utils - INFO - Train Loss: 0.6481, Val Loss: 0.4342, Val Acc: 0.8557
2024-05-23 20:03:37,750 - utils - INFO - Epoch 5/10:
2024-05-23 20:03:53,474 - utils - INFO - Skipped 0 batches during training
2024-05-23 20:04:03,714 - utils - INFO - Skipped 0 batches during validation
2024-05-23 20:04:03,714 - utils - INFO - Train Loss: 0.5320, Val Loss: 0.4168, Val Acc: 0.8612
2024-05-23 20:04:03,714 - utils - INFO - Epoch 6/10:
2024-05-23 20:04:19,937 - utils - INFO - Skipped 0 batches during training
2024-05-23 20:04:29,696 - utils - INFO - Skipped 0 batches during validation
2024-05-23 20:04:29,696 - utils - INFO - Train Loss: 0.7943, Val Loss: 0.4771, Val Acc: 0.8388
2024-05-23 20:04:29,696 - utils - INFO - Epoch 7/10:
2024-05-23 20:04:45,562 - utils - INFO - Skipped 0 batches during training
2024-05-23 20:04:55,678 - utils - INFO - Skipped 0 batches during validation
2024-05-23 20:04:55,679 - utils - INFO - Train Loss: 0.4346, Val Loss: 0.2448, Val Acc: 0.9238
2024-05-23 20:04:55,679 - utils - INFO - Epoch 8/10:
2024-05-23 20:05:11,374 - utils - INFO - Skipped 0 batches during training
2024-05-23 20:05:21,545 - utils - INFO - Skipped 0 batches during validation
2024-05-23 20:05:21,545 - utils - INFO - Train Loss: 0.4704, Val Loss: 0.4975, Val Acc: 0.8288
2024-05-23 20:05:21,545 - utils - INFO - Epoch 9/10:
2024-05-23 20:05:37,321 - utils - INFO - Skipped 0 batches during training
2024-05-23 20:05:47,377 - utils - INFO - Skipped 0 batches during validation
2024-05-23 20:05:47,378 - utils - INFO - Train Loss: 0.6026, Val Loss: 0.2737, Val Acc: 0.9126
2024-05-23 20:05:47,378 - utils - INFO - Epoch 10/10:
2024-05-23 20:06:03,399 - utils - INFO - Skipped 0 batches during training
2024-05-23 20:06:13,151 - utils - INFO - Skipped 0 batches during validation
2024-05-23 20:06:13,152 - utils - INFO - Train Loss: 0.2902, Val Loss: 0.1510, Val Acc: 0.9521
2024-05-23 20:31:06,765 - utils - INFO - Splitting dataset into 5 batches and saving to data\batches
2024-05-23 21:47:29,661 - utils - INFO - Splitting dataset into 5 batches and saving to data\batches
2024-05-23 21:59:21,615 - utils - INFO - Epoch 1/10:
2024-05-23 22:07:31,554 - utils - INFO - Skipped 0 batches during training
2024-05-23 22:07:47,905 - utils - INFO - Skipped 0 batches during validation
2024-05-23 22:07:47,905 - utils - INFO - Train Loss: 1.0374, Val Loss: 0.7486, Val Acc: 0.7452
2024-05-23 22:07:47,905 - utils - INFO - Epoch 2/10:
2024-05-23 22:08:14,432 - utils - INFO - Skipped 0 batches during training
2024-05-23 22:08:30,907 - utils - INFO - Skipped 0 batches during validation
2024-05-23 22:08:30,907 - utils - INFO - Train Loss: 0.8714, Val Loss: 0.7487, Val Acc: 0.7420
2024-05-23 22:08:30,907 - utils - INFO - Epoch 3/10:
2024-05-23 22:08:57,148 - utils - INFO - Skipped 0 batches during training
2024-05-23 22:09:13,289 - utils - INFO - Skipped 0 batches during validation
2024-05-23 22:09:13,290 - utils - INFO - Train Loss: 0.6933, Val Loss: 0.5640, Val Acc: 0.8116
2024-05-23 22:09:13,290 - utils - INFO - Epoch 4/10:
2024-05-23 22:09:39,758 - utils - INFO - Skipped 0 batches during training
2024-05-23 22:09:56,732 - utils - INFO - Skipped 0 batches during validation
2024-05-23 22:09:56,732 - utils - INFO - Train Loss: 0.5808, Val Loss: 0.4074, Val Acc: 0.8634
2024-05-23 22:09:56,733 - utils - INFO - Epoch 5/10:
2024-05-23 22:10:23,071 - utils - INFO - Skipped 0 batches during training
2024-05-23 22:10:39,307 - utils - INFO - Skipped 0 batches during validation
2024-05-23 22:10:39,308 - utils - INFO - Train Loss: 0.5063, Val Loss: 0.4570, Val Acc: 0.8441
2024-05-23 22:10:39,308 - utils - INFO - Epoch 6/10:
2024-05-23 22:11:06,351 - utils - INFO - Skipped 0 batches during training
2024-05-23 22:11:22,731 - utils - INFO - Skipped 0 batches during validation
2024-05-23 22:11:22,731 - utils - INFO - Train Loss: 0.6395, Val Loss: 0.6855, Val Acc: 0.7608
2024-05-23 22:11:22,732 - utils - INFO - Epoch 7/10:
2024-05-23 22:11:49,642 - utils - INFO - Skipped 0 batches during training
2024-05-23 22:12:05,993 - utils - INFO - Skipped 0 batches during validation
2024-05-23 22:12:05,994 - utils - INFO - Train Loss: 0.6152, Val Loss: 0.3165, Val Acc: 0.8951
2024-05-23 22:12:05,994 - utils - INFO - Epoch 8/10:
2024-05-23 22:12:32,755 - utils - INFO - Skipped 0 batches during training
2024-05-23 22:12:49,293 - utils - INFO - Skipped 0 batches during validation
2024-05-23 22:12:49,293 - utils - INFO - Train Loss: 0.3507, Val Loss: 0.2330, Val Acc: 0.9262
2024-05-23 22:12:49,294 - utils - INFO - Epoch 9/10:
2024-05-23 22:13:15,759 - utils - INFO - Skipped 0 batches during training
2024-05-23 22:13:32,695 - utils - INFO - Skipped 0 batches during validation
2024-05-23 22:13:32,697 - utils - INFO - Train Loss: 0.2657, Val Loss: 0.1582, Val Acc: 0.9496
2024-05-23 22:13:32,697 - utils - INFO - Epoch 10/10:
2024-05-23 22:13:59,834 - utils - INFO - Skipped 0 batches during training
2024-05-23 22:14:16,164 - utils - INFO - Skipped 0 batches during validation
2024-05-23 22:14:16,164 - utils - INFO - Train Loss: 0.3289, Val Loss: 0.1858, Val Acc: 0.9386
2024-05-23 22:17:18,611 - utils - INFO - Test Accuracy: 0.8067
2024-05-23 22:23:15,454 - utils - INFO - Splitting dataset into 5 batches and saving to data\batches
2024-05-23 22:32:23,050 - utils - INFO - Splitting dataset into 5 batches and saving to data\batches
2024-05-23 23:18:10,874 - utils - INFO - Epoch 1/10:
2024-05-23 23:22:17,000 - utils - INFO - Skipped 0 batches during training
2024-05-23 23:22:28,175 - utils - INFO - Skipped 0 batches during validation
2024-05-23 23:22:28,176 - utils - INFO - Train Loss: 1.1255, Val Loss: 1.0776, Val Acc: 0.6299
2024-05-23 23:22:28,176 - utils - INFO - Epoch 2/10:
2024-05-23 23:22:48,075 - utils - INFO - Skipped 0 batches during training
2024-05-23 23:22:59,698 - utils - INFO - Skipped 0 batches during validation
2024-05-23 23:22:59,699 - utils - INFO - Train Loss: 0.8433, Val Loss: 0.6161, Val Acc: 0.7894
2024-05-23 23:22:59,699 - utils - INFO - Epoch 3/10:
2024-05-23 23:23:17,282 - utils - INFO - Skipped 0 batches during training
2024-05-23 23:23:28,807 - utils - INFO - Skipped 0 batches during validation
2024-05-23 23:23:28,808 - utils - INFO - Train Loss: 0.6442, Val Loss: 0.5017, Val Acc: 0.8341
2024-05-23 23:23:28,808 - utils - INFO - Epoch 4/10:
2024-05-23 23:23:46,080 - utils - INFO - Skipped 0 batches during training
2024-05-23 23:23:57,276 - utils - INFO - Skipped 0 batches during validation
2024-05-23 23:23:57,277 - utils - INFO - Train Loss: 0.7141, Val Loss: 0.3817, Val Acc: 0.8722
2024-05-23 23:23:57,277 - utils - INFO - Epoch 5/10:
2024-05-23 23:24:14,656 - utils - INFO - Skipped 0 batches during training
2024-05-23 23:24:26,380 - utils - INFO - Skipped 0 batches during validation
2024-05-23 23:24:26,381 - utils - INFO - Train Loss: 0.4444, Val Loss: 0.2865, Val Acc: 0.9028
2024-05-23 23:24:26,381 - utils - INFO - Epoch 6/10:
2024-05-23 23:24:45,638 - utils - INFO - Skipped 0 batches during training
2024-05-23 23:24:58,078 - utils - INFO - Skipped 0 batches during validation
2024-05-23 23:24:58,078 - utils - INFO - Train Loss: 0.5569, Val Loss: 0.4825, Val Acc: 0.8442
2024-05-23 23:24:58,078 - utils - INFO - Epoch 7/10:
2024-05-23 23:25:16,909 - utils - INFO - Skipped 0 batches during training
2024-05-23 23:25:28,208 - utils - INFO - Skipped 0 batches during validation
2024-05-23 23:25:28,209 - utils - INFO - Train Loss: 1.0444, Val Loss: 0.7792, Val Acc: 0.7425
2024-05-23 23:25:28,209 - utils - INFO - Epoch 8/10:
2024-05-23 23:25:46,525 - utils - INFO - Skipped 0 batches during training
2024-05-23 23:25:59,009 - utils - INFO - Skipped 0 batches during validation
2024-05-23 23:25:59,010 - utils - INFO - Train Loss: 0.7555, Val Loss: 0.4559, Val Acc: 0.8497
2024-05-23 23:25:59,010 - utils - INFO - Epoch 9/10:
2024-05-23 23:26:15,663 - utils - INFO - Skipped 0 batches during training
2024-05-23 23:26:26,500 - utils - INFO - Skipped 0 batches during validation
2024-05-23 23:26:26,500 - utils - INFO - Train Loss: 0.4727, Val Loss: 0.3518, Val Acc: 0.8858
2024-05-23 23:26:26,500 - utils - INFO - Epoch 10/10:
2024-05-23 23:26:43,626 - utils - INFO - Skipped 0 batches during training
2024-05-23 23:26:57,479 - utils - INFO - Skipped 0 batches during validation
2024-05-23 23:26:57,479 - utils - INFO - Train Loss: 0.4356, Val Loss: 0.4626, Val Acc: 0.8389
2024-05-23 23:26:57,479 - utils - INFO - Early stopping triggered. Training stopped.
2024-05-23 23:29:58,336 - utils - INFO - Test Accuracy: 0.7232
2024-09-10 19:57:16,001 - utils - INFO - Splitting dataset into 5 batches and saving to data\batches
2024-09-10 20:00:06,407 - utils - INFO - Epoch 1/10:
2024-09-10 20:02:45,029 - utils - INFO - Skipped 0 batches during training
2024-09-10 20:03:08,411 - utils - INFO - Skipped 0 batches during validation
2024-09-10 20:03:08,412 - utils - INFO - Train Loss: 1.3026, Val Loss: 0.9408, Val Acc: 0.6920
2024-09-10 20:03:08,412 - utils - INFO - Epoch 2/10:
2024-09-10 20:05:42,329 - utils - INFO - Skipped 0 batches during training
2024-09-10 20:06:06,131 - utils - INFO - Skipped 0 batches during validation
2024-09-10 20:06:06,131 - utils - INFO - Train Loss: 1.0979, Val Loss: 0.9919, Val Acc: 0.6835
2024-09-10 20:06:06,132 - utils - INFO - Epoch 3/10:
2024-09-10 20:08:41,164 - utils - INFO - Skipped 0 batches during training
2024-09-10 20:09:06,535 - utils - INFO - Skipped 0 batches during validation
2024-09-10 20:09:06,536 - utils - INFO - Train Loss: 0.9979, Val Loss: 0.7562, Val Acc: 0.7402
2024-09-10 20:09:06,536 - utils - INFO - Epoch 4/10:
2024-09-10 20:11:43,730 - utils - INFO - Skipped 0 batches during training
2024-09-10 20:12:09,152 - utils - INFO - Skipped 0 batches during validation
2024-09-10 20:12:09,152 - utils - INFO - Train Loss: 0.7491, Val Loss: 0.4584, Val Acc: 0.8544
2024-09-10 20:12:09,153 - utils - INFO - Epoch 5/10:
2024-09-10 20:14:45,135 - utils - INFO - Skipped 0 batches during training
2024-09-10 20:15:10,894 - utils - INFO - Skipped 0 batches during validation
2024-09-10 20:15:10,894 - utils - INFO - Train Loss: 0.5625, Val Loss: 0.4277, Val Acc: 0.8576
2024-09-10 20:15:10,894 - utils - INFO - Epoch 6/10:
2024-09-10 20:17:46,177 - utils - INFO - Skipped 0 batches during training
2024-09-10 20:18:11,458 - utils - INFO - Skipped 0 batches during validation
2024-09-10 20:18:11,459 - utils - INFO - Train Loss: 0.3965, Val Loss: 0.2840, Val Acc: 0.9047
2024-09-10 20:18:11,459 - utils - INFO - Epoch 7/10:
2024-09-10 20:20:47,221 - utils - INFO - Skipped 0 batches during training
2024-09-10 20:21:13,161 - utils - INFO - Skipped 0 batches during validation
2024-09-10 20:21:13,161 - utils - INFO - Train Loss: 0.4682, Val Loss: 0.3167, Val Acc: 0.8967
2024-09-10 20:21:13,162 - utils - INFO - Epoch 8/10:
2024-09-10 20:23:49,671 - utils - INFO - Skipped 0 batches during training
2024-09-10 20:24:14,978 - utils - INFO - Skipped 0 batches during validation
2024-09-10 20:24:14,979 - utils - INFO - Train Loss: 0.3453, Val Loss: 0.1855, Val Acc: 0.9403
2024-09-10 20:24:14,979 - utils - INFO - Epoch 9/10:
2024-09-10 20:26:50,364 - utils - INFO - Skipped 0 batches during training
2024-09-10 20:27:15,755 - utils - INFO - Skipped 0 batches during validation
2024-09-10 20:27:15,756 - utils - INFO - Train Loss: 0.2479, Val Loss: 0.1838, Val Acc: 0.9391
2024-09-10 20:27:15,756 - utils - INFO - Epoch 10/10:
2024-09-10 20:29:50,799 - utils - INFO - Skipped 0 batches during training
2024-09-10 20:30:18,262 - utils - INFO - Skipped 0 batches during validation
2024-09-10 20:30:18,263 - utils - INFO - Train Loss: 0.4971, Val Loss: 0.2169, Val Acc: 0.9295
